0 info it worked if it ends with ok
1 verbose cli [ '/usr/local/bin/node',
1 verbose cli   '/usr/local/bin/npm',
1 verbose cli   'install',
1 verbose cli   'angularfire2' ]
2 info using npm@2.15.8
3 info using node@v4.4.7
4 verbose install initial load of /Users/khavu/Documents/ionic/ion2-bangbang/package.json
5 warn package.json ion2-bangbang@ No repository field.
6 warn package.json ion2-bangbang@ No license field.
7 verbose installManyTop reading scoped package data from /Users/khavu/Documents/ionic/ion2-bangbang/node_modules/del/package.json
8 verbose installManyTop reading scoped package data from /Users/khavu/Documents/ionic/ion2-bangbang/node_modules/es6-shim/package.json
9 verbose installManyTop reading scoped package data from /Users/khavu/Documents/ionic/ion2-bangbang/node_modules/firebase/package.json
10 verbose installManyTop reading scoped package data from /Users/khavu/Documents/ionic/ion2-bangbang/node_modules/gulp/package.json
11 verbose installManyTop reading scoped package data from /Users/khavu/Documents/ionic/ion2-bangbang/node_modules/gulp-watch/package.json
12 verbose installManyTop reading scoped package data from /Users/khavu/Documents/ionic/ion2-bangbang/node_modules/ionic-angular/package.json
13 verbose installManyTop reading scoped package data from /Users/khavu/Documents/ionic/ion2-bangbang/node_modules/ionic-gulp-browserify-typescript/package.json
14 verbose installManyTop reading scoped package data from /Users/khavu/Documents/ionic/ion2-bangbang/node_modules/ionic-gulp-fonts-copy/package.json
15 verbose installManyTop reading scoped package data from /Users/khavu/Documents/ionic/ion2-bangbang/node_modules/ionic-gulp-html-copy/package.json
16 verbose installManyTop reading scoped package data from /Users/khavu/Documents/ionic/ion2-bangbang/node_modules/ionic-gulp-sass-build/package.json
17 verbose installManyTop reading scoped package data from /Users/khavu/Documents/ionic/ion2-bangbang/node_modules/ionic-gulp-scripts-copy/package.json
18 verbose installManyTop reading scoped package data from /Users/khavu/Documents/ionic/ion2-bangbang/node_modules/ionic-native/package.json
19 verbose installManyTop reading scoped package data from /Users/khavu/Documents/ionic/ion2-bangbang/node_modules/ionicons/package.json
20 verbose installManyTop reading scoped package data from /Users/khavu/Documents/ionic/ion2-bangbang/node_modules/reflect-metadata/package.json
21 verbose installManyTop reading scoped package data from /Users/khavu/Documents/ionic/ion2-bangbang/node_modules/run-sequence/package.json
22 verbose installManyTop reading scoped package data from /Users/khavu/Documents/ionic/ion2-bangbang/node_modules/rxjs/package.json
23 verbose installManyTop reading scoped package data from /Users/khavu/Documents/ionic/ion2-bangbang/node_modules/zone.js/package.json
24 verbose installManyTop reading scoped package data from /Users/khavu/Documents/ionic/ion2-bangbang/node_modules/@angular/common/package.json
25 verbose installManyTop reading scoped package data from /Users/khavu/Documents/ionic/ion2-bangbang/node_modules/@angular/compiler/package.json
26 verbose installManyTop reading scoped package data from /Users/khavu/Documents/ionic/ion2-bangbang/node_modules/@angular/core/package.json
27 verbose installManyTop reading scoped package data from /Users/khavu/Documents/ionic/ion2-bangbang/node_modules/@angular/http/package.json
28 verbose installManyTop reading scoped package data from /Users/khavu/Documents/ionic/ion2-bangbang/node_modules/@angular/platform-browser/package.json
29 verbose installManyTop reading scoped package data from /Users/khavu/Documents/ionic/ion2-bangbang/node_modules/@angular/platform-browser-dynamic/package.json
30 info package.json @angular/common@2.0.0-rc.3 No description
31 info package.json @angular/common@2.0.0-rc.3 No README data
32 info package.json @angular/compiler@2.0.0-rc.3 No description
33 info package.json @angular/compiler@2.0.0-rc.3 No README data
34 info package.json @angular/core@2.0.0-rc.3 No description
35 info package.json @angular/core@2.0.0-rc.3 No README data
36 info package.json @angular/http@2.0.0-rc.3 No description
37 info package.json @angular/http@2.0.0-rc.3 No README data
38 info package.json @angular/platform-browser@2.0.0-rc.3 No description
39 info package.json @angular/platform-browser@2.0.0-rc.3 No README data
40 info package.json @angular/platform-browser-dynamic@2.0.0-rc.3 No description
41 info package.json @angular/platform-browser-dynamic@2.0.0-rc.3 No README data
42 info package.json firebase@3.1.0 No license field.
43 info package.json ionic-gulp-fonts-copy@1.0.0 No repository field.
44 info package.json ionic-gulp-fonts-copy@1.0.0 No license field.
45 verbose readDependencies loading dependencies from /Users/khavu/Documents/ionic/ion2-bangbang/package.json
46 silly cache add args [ 'angularfire2', null ]
47 verbose cache add spec angularfire2
48 silly cache add parsed spec Result {
48 silly cache add   raw: 'angularfire2',
48 silly cache add   scope: null,
48 silly cache add   name: 'angularfire2',
48 silly cache add   rawSpec: '',
48 silly cache add   spec: 'latest',
48 silly cache add   type: 'tag' }
49 silly addNamed angularfire2@latest
50 verbose addNamed "latest" is being treated as a dist-tag for angularfire2
51 info addNameTag [ 'angularfire2', 'latest' ]
52 silly mapToRegistry name angularfire2
53 silly mapToRegistry using default registry
54 silly mapToRegistry registry https://registry.npmjs.org/
55 silly mapToRegistry data Result {
55 silly mapToRegistry   raw: 'angularfire2',
55 silly mapToRegistry   scope: null,
55 silly mapToRegistry   name: 'angularfire2',
55 silly mapToRegistry   rawSpec: '',
55 silly mapToRegistry   spec: 'latest',
55 silly mapToRegistry   type: 'tag' }
56 silly mapToRegistry uri https://registry.npmjs.org/angularfire2
57 verbose addNameTag registry:https://registry.npmjs.org/angularfire2 not in flight; fetching
58 verbose request uri https://registry.npmjs.org/angularfire2
59 verbose request no auth needed
60 info attempt registry request try #1 at 7:11:02 PM
61 verbose request id b0be87fc4a7b79ad
62 http request GET https://registry.npmjs.org/angularfire2
63 http 200 https://registry.npmjs.org/angularfire2
64 verbose headers { server: 'CouchDB/1.5.0 (Erlang OTP/R16B03)',
64 verbose headers   etag: '"5OFI50Y47L4P79ATKVCKCPOV7"',
64 verbose headers   'content-type': 'application/json',
64 verbose headers   'content-encoding': 'gzip',
64 verbose headers   'cache-control': 'max-age=300',
64 verbose headers   'content-length': '8192',
64 verbose headers   'accept-ranges': 'bytes',
64 verbose headers   date: 'Sun, 10 Jul 2016 02:11:03 GMT',
64 verbose headers   via: '1.1 varnish',
64 verbose headers   age: '0',
64 verbose headers   connection: 'keep-alive',
64 verbose headers   'x-served-by': 'cache-lax1433-LAX',
64 verbose headers   'x-cache': 'MISS',
64 verbose headers   'x-cache-hits': '0',
64 verbose headers   'x-timer': 'S1468116662.949353,VS0,VE184',
64 verbose headers   vary: 'Accept-Encoding' }
65 silly get cb [ 200,
65 silly get   { server: 'CouchDB/1.5.0 (Erlang OTP/R16B03)',
65 silly get     etag: '"5OFI50Y47L4P79ATKVCKCPOV7"',
65 silly get     'content-type': 'application/json',
65 silly get     'content-encoding': 'gzip',
65 silly get     'cache-control': 'max-age=300',
65 silly get     'content-length': '8192',
65 silly get     'accept-ranges': 'bytes',
65 silly get     date: 'Sun, 10 Jul 2016 02:11:03 GMT',
65 silly get     via: '1.1 varnish',
65 silly get     age: '0',
65 silly get     connection: 'keep-alive',
65 silly get     'x-served-by': 'cache-lax1433-LAX',
65 silly get     'x-cache': 'MISS',
65 silly get     'x-cache-hits': '0',
65 silly get     'x-timer': 'S1468116662.949353,VS0,VE184',
65 silly get     vary: 'Accept-Encoding' } ]
66 verbose get saving angularfire2 to /Users/khavu/.npm/registry.npmjs.org/angularfire2/.cache.json
67 verbose correctMkdir /Users/khavu/.npm correctMkdir not in flight; initializing
68 silly addNameTag next cb for angularfire2 with tag latest
69 silly addNamed angularfire2@2.0.0-beta.2
70 verbose addNamed "2.0.0-beta.2" is a plain semver version for angularfire2
71 silly mapToRegistry name angularfire2
72 silly mapToRegistry using default registry
73 silly mapToRegistry registry https://registry.npmjs.org/
74 silly mapToRegistry data Result {
74 silly mapToRegistry   raw: 'angularfire2',
74 silly mapToRegistry   scope: null,
74 silly mapToRegistry   name: 'angularfire2',
74 silly mapToRegistry   rawSpec: '',
74 silly mapToRegistry   spec: 'latest',
74 silly mapToRegistry   type: 'tag' }
75 silly mapToRegistry uri https://registry.npmjs.org/angularfire2
76 verbose addRemoteTarball https://registry.npmjs.org/angularfire2/-/angularfire2-2.0.0-beta.2.tgz not in flight; adding
77 verbose addRemoteTarball [ 'https://registry.npmjs.org/angularfire2/-/angularfire2-2.0.0-beta.2.tgz',
77 verbose addRemoteTarball   '1455af597a789e6da206a6eefff87851dddb11e7' ]
78 info retry fetch attempt 1 at 7:11:03 PM
79 info attempt registry request try #1 at 7:11:03 PM
80 http fetch GET https://registry.npmjs.org/angularfire2/-/angularfire2-2.0.0-beta.2.tgz
81 http fetch 200 https://registry.npmjs.org/angularfire2/-/angularfire2-2.0.0-beta.2.tgz
82 silly fetchAndShaCheck shasum 1455af597a789e6da206a6eefff87851dddb11e7
83 verbose addTmpTarball /var/folders/cp/ypz96d4s74sd9zvgc002lp7r0000gn/T/npm-1320-c9a38373/registry.npmjs.org/angularfire2/-/angularfire2-2.0.0-beta.2.tgz not in flight; adding
84 verbose addTmpTarball already have metadata; skipping unpack for angularfire2@2.0.0-beta.2
85 verbose correctMkdir /Users/khavu/.npm correctMkdir not in flight; initializing
86 silly cache afterAdd angularfire2@2.0.0-beta.2
87 verbose afterAdd /Users/khavu/.npm/angularfire2/2.0.0-beta.2/package/package.json not in flight; writing
88 verbose correctMkdir /Users/khavu/.npm correctMkdir not in flight; initializing
89 verbose afterAdd /Users/khavu/.npm/angularfire2/2.0.0-beta.2/package/package.json written
90 silly install resolved [ { name: 'angularfire2',
90 silly install resolved     version: '2.0.0-beta.2',
90 silly install resolved     description: '<p align="center">   <h1 align="center">AngularFire2</h1>   <p align="center">The official library for Firebase and Angular 2</p> </p>',
90 silly install resolved     main: './angularfire2.js',
90 silly install resolved     'jsnext:main': './es6/angularfire2.js',
90 silly install resolved     scripts:
90 silly install resolved      { test: 'npm run build; karma start',
90 silly install resolved        docs: 'typedoc --out docs/api/ --module commonjs --mode modules --name AngularFire2 src',
90 silly install resolved        build: 'rm -rf dist; tsc',
90 silly install resolved        build_npm: 'rm -rf dist && tsc -p tsconfig.publish.es5.json && tsc -p tsconfig.publish.es6.json',
90 silly install resolved        postbuild_npm: 'cp manual_typings/firebase3/firebase3.d.ts package.json README.md .npmignore dist/ && npm run rewrite_npm_package',
90 silly install resolved        rewrite_npm_package: 'node --harmony_destructuring tools/rewrite-published-package.js',
90 silly install resolved        build_bundle: 'cp -r src angularfire2 && tsc typings/main.d.ts angularfire2.ts --rootDir . --module system -t es5 --outFile dist/bundles/angularfire2.js  --moduleResolution node --emitDecoratorMetadata --experimentalDecorators',
90 silly install resolved        e2e_test: 'webdriver-manager update && npm run build_e2e && protractor',
90 silly install resolved        build_e2e: 'rm -rf dist-test && npm run build && tsc -p test/ && cp test/e2e/firebase_object/index.html dist-test/e2e/firebase_object/ && cp test/e2e/firebase_list/index.html dist-test/e2e/firebase_list/ && cp test/e2e/auth/index.html dist-test/e2e/auth/',
90 silly install resolved        changelog: 'conventional-changelog -p angular -i CHANGELOG.md -s -r 1' },
90 silly install resolved     keywords: [ 'angular2', 'angular', 'firebase' ],
90 silly install resolved     repository:
90 silly install resolved      { type: 'git',
90 silly install resolved        url: 'git+https://github.com/angular/angularfire2.git' },
90 silly install resolved     author: { name: 'jeffbcross' },
90 silly install resolved     license: 'MIT',
90 silly install resolved     bugs: { url: 'https://github.com/angular/angularfire2/issues' },
90 silly install resolved     homepage: 'https://github.com/angular/angularfire2#readme',
90 silly install resolved     devDependencies:
90 silly install resolved      { 'conventional-changelog-cli': '^1.2.0',
90 silly install resolved        'es6-module-loader': '^0.17.10',
90 silly install resolved        'es6-shim': '^0.35.0',
90 silly install resolved        'firebase-server': '^0.5.2',
90 silly install resolved        gulp: '^3.9.0',
90 silly install resolved        'gulp-jasmine': '^2.2.1',
90 silly install resolved        'gulp-typescript': '^2.10.0',
90 silly install resolved        'http-server': '^0.8.5',
90 silly install resolved        jasmine: '^2.4.1',
90 silly install resolved        'jasmine-core': '^2.4.1',
90 silly install resolved        json: '^9.0.3',
90 silly install resolved        karma: '^0.13.19',
90 silly install resolved        'karma-chrome-launcher': '^0.2.2',
90 silly install resolved        'karma-firefox-launcher': '^0.1.7',
90 silly install resolved        'karma-jasmine': '^0.3.6',
90 silly install resolved        'karma-mocha-reporter': '^2.0.2',
90 silly install resolved        'karma-systemjs': '^0.10.0',
90 silly install resolved        parse5: '^1.3.2',
90 silly install resolved        protractor: '3.0.0',
90 silly install resolved        'reflect-metadata': '0.1.2',
90 silly install resolved        systemjs: '^0.19.16',
90 silly install resolved        'systemjs-builder': '^0.15.7',
90 silly install resolved        traceur: '0.0.96',
90 silly install resolved        tsd: '^0.6.5',
90 silly install resolved        typedoc: 'github:jeffbcross/typedoc',
90 silly install resolved        typescript: '^1.8.10',
90 silly install resolved        typings: '^0.6.2',
90 silly install resolved        'zone.js': '^0.6.6' },
90 silly install resolved     typings: 'angularfire2.d.ts',
90 silly install resolved     peerDependencies:
90 silly install resolved      { '@angular/core': '2.0.0-rc.2',
90 silly install resolved        '@angular/platform-browser': '2.0.0-rc.2',
90 silly install resolved        '@angular/common': '2.0.0-rc.2',
90 silly install resolved        '@angular/compiler': '2.0.0-rc.2',
90 silly install resolved        '@angular/platform-browser-dynamic': '2.0.0-rc.2',
90 silly install resolved        firebase: '^3.0.3',
90 silly install resolved        rxjs: '5.0.0-beta.6' },
90 silly install resolved     _id: 'angularfire2@2.0.0-beta.2',
90 silly install resolved     _shasum: '1455af597a789e6da206a6eefff87851dddb11e7',
90 silly install resolved     _from: 'angularfire2@latest',
90 silly install resolved     _resolved: 'https://registry.npmjs.org/angularfire2/-/angularfire2-2.0.0-beta.2.tgz',
90 silly install resolved     _npmVersion: '3.8.3',
90 silly install resolved     _nodeVersion: '5.10.1',
90 silly install resolved     _npmUser: { name: 'angularcore', email: 'angular-core+npm@google.com' },
90 silly install resolved     dist:
90 silly install resolved      { shasum: '1455af597a789e6da206a6eefff87851dddb11e7',
90 silly install resolved        tarball: 'https://registry.npmjs.org/angularfire2/-/angularfire2-2.0.0-beta.2.tgz' },
90 silly install resolved     maintainers: [ [Object], [Object], [Object] ],
90 silly install resolved     _npmOperationalInternal:
90 silly install resolved      { host: 'packages-16-east.internal.npmjs.com',
90 silly install resolved        tmp: 'tmp/angularfire2-2.0.0-beta.2.tgz_1466557136126_0.8304361375048757' },
90 silly install resolved     directories: {} } ]
91 info install angularfire2@2.0.0-beta.2 into /Users/khavu/Documents/ionic/ion2-bangbang
92 info installOne angularfire2@2.0.0-beta.2
93 verbose installOne of angularfire2 to /Users/khavu/Documents/ionic/ion2-bangbang not in flight; installing
94 verbose correctMkdir /Users/khavu/.npm/_locks correctMkdir not in flight; initializing
95 verbose lock using /Users/khavu/.npm/_locks/angularfire2-735a9a0b55cd8406.lock for /Users/khavu/Documents/ionic/ion2-bangbang/node_modules/angularfire2
96 silly install write writing angularfire2 2.0.0-beta.2 to /Users/khavu/Documents/ionic/ion2-bangbang/node_modules/angularfire2
97 verbose unbuild node_modules/angularfire2
98 silly gentlyRm /Users/khavu/Documents/ionic/ion2-bangbang/node_modules/angularfire2 is being purged from base /Users/khavu/Documents/ionic/ion2-bangbang
99 verbose gentlyRm don't care about contents; nuking /Users/khavu/Documents/ionic/ion2-bangbang/node_modules/angularfire2
100 verbose tar unpack /Users/khavu/.npm/angularfire2/2.0.0-beta.2/package.tgz
101 verbose tar unpacking to /Users/khavu/Documents/ionic/ion2-bangbang/node_modules/angularfire2
102 silly gentlyRm /Users/khavu/Documents/ionic/ion2-bangbang/node_modules/angularfire2 is being purged
103 verbose gentlyRm don't care about contents; nuking /Users/khavu/Documents/ionic/ion2-bangbang/node_modules/angularfire2
104 silly gunzTarPerm modes [ '755', '644' ]
105 silly gunzTarPerm extractEntry package.json
106 silly gunzTarPerm extractEntry .npmignore
107 silly gunzTarPerm extractEntry README.md
108 silly gunzTarPerm extractEntry angularfire2.js
109 silly gunzTarPerm extractEntry interfaces.js
110 silly gunzTarPerm extractEntry tokens.js
111 silly gunzTarPerm extractEntry es6/interfaces.js
112 silly gunzTarPerm extractEntry es6/angularfire2.js
113 silly gunzTarPerm extractEntry es6/tokens.js
114 silly gunzTarPerm extractEntry es6/interfaces.js.map
115 silly gunzTarPerm extractEntry es6/interfaces.d.ts
116 silly gunzTarPerm extractEntry es6/angularfire2.d.ts
117 silly gunzTarPerm extractEntry es6/angularfire2.js.map
118 silly gunzTarPerm extractEntry es6/providers/auth.js
119 silly gunzTarPerm extractEntry es6/providers/auth_backend.js
120 silly gunzTarPerm extractEntry es6/providers/firebase_sdk_auth_backend.js
121 silly gunzTarPerm extractEntry es6/providers/auth.d.ts
122 silly gunzTarPerm extractEntry es6/providers/auth.js.map
123 silly gunzTarPerm extractEntry es6/providers/auth_backend.d.ts
124 silly gunzTarPerm extractEntry es6/providers/auth_backend.js.map
125 silly gunzTarPerm extractEntry es6/providers/firebase_sdk_auth_backend.d.ts
126 silly gunzTarPerm extractEntry es6/providers/firebase_sdk_auth_backend.js.map
127 silly gunzTarPerm extractEntry es6/tokens.d.ts
128 silly gunzTarPerm extractEntry es6/database/database.js
129 silly gunzTarPerm extractEntry es6/database/database.d.ts
130 silly gunzTarPerm extractEntry es6/database/database.js.map
131 silly gunzTarPerm extractEntry es6/tokens.js.map
132 silly gunzTarPerm extractEntry es6/utils/firebase_list_observable.js
133 silly gunzTarPerm extractEntry es6/utils/firebase_object_factory.js
134 silly gunzTarPerm extractEntry es6/utils/firebase_list_factory.js
135 silly gunzTarPerm extractEntry es6/utils/firebase_object_observable.js
136 silly gunzTarPerm extractEntry es6/utils/query_observable.js
137 silly gunzTarPerm extractEntry es6/utils/utils.js
138 silly gunzTarPerm extractEntry es6/utils/firebase_object_observable.d.ts
139 silly gunzTarPerm extractEntry es6/utils/firebase_list_factory.js.map
140 silly gunzTarPerm extractEntry es6/utils/firebase_object_factory.js.map
141 silly gunzTarPerm extractEntry es6/utils/firebase_list_observable.d.ts
142 silly gunzTarPerm extractEntry es6/utils/firebase_list_factory.d.ts
143 silly gunzTarPerm extractEntry es6/utils/firebase_object_observable.js.map
144 silly gunzTarPerm extractEntry es6/utils/query_observable.d.ts
145 silly gunzTarPerm extractEntry es6/utils/firebase_list_observable.js.map
146 silly gunzTarPerm extractEntry es6/utils/query_observable.js.map
147 silly gunzTarPerm extractEntry es6/utils/utils.d.ts
148 silly gunzTarPerm extractEntry es6/utils/firebase_object_factory.d.ts
149 silly gunzTarPerm extractEntry es6/utils/utils.js.map
150 silly gunzTarPerm extractEntry firebase3.d.ts
151 silly gunzTarPerm extractEntry angularfire2.d.ts
152 silly gunzTarPerm extractEntry utils/firebase_list_observable.js
153 silly gunzTarPerm extractEntry utils/firebase_object_factory.js
154 silly gunzTarPerm extractEntry utils/firebase_list_factory.js
155 silly gunzTarPerm extractEntry utils/firebase_object_observable.js
156 silly gunzTarPerm extractEntry utils/query_observable.js
157 silly gunzTarPerm extractEntry utils/utils.js
158 silly gunzTarPerm extractEntry utils/firebase_object_observable.d.ts
159 silly gunzTarPerm extractEntry utils/firebase_list_factory.js.map
160 silly gunzTarPerm extractEntry utils/firebase_object_factory.js.map
161 silly gunzTarPerm extractEntry utils/firebase_list_observable.d.ts
162 silly gunzTarPerm extractEntry utils/firebase_list_factory.d.ts
163 silly gunzTarPerm extractEntry utils/firebase_object_observable.js.map
164 silly gunzTarPerm extractEntry utils/query_observable.d.ts
165 silly gunzTarPerm extractEntry utils/firebase_list_observable.js.map
166 silly gunzTarPerm extractEntry utils/query_observable.js.map
167 silly gunzTarPerm extractEntry utils/utils.d.ts
168 silly gunzTarPerm extractEntry utils/firebase_object_factory.d.ts
169 silly gunzTarPerm extractEntry utils/utils.js.map
170 silly gunzTarPerm extractEntry interfaces.js.map
171 silly gunzTarPerm extractEntry angularfire2.js.map
172 silly gunzTarPerm extractEntry providers/auth.js
173 silly gunzTarPerm extractEntry providers/auth_backend.js
174 silly gunzTarPerm extractEntry providers/firebase_sdk_auth_backend.js
175 silly gunzTarPerm extractEntry providers/auth.d.ts
176 silly gunzTarPerm extractEntry providers/auth.js.map
177 silly gunzTarPerm extractEntry providers/auth_backend.d.ts
178 silly gunzTarPerm extractEntry providers/auth_backend.js.map
179 silly gunzTarPerm extractEntry providers/firebase_sdk_auth_backend.d.ts
180 silly gunzTarPerm extractEntry providers/firebase_sdk_auth_backend.js.map
181 silly gunzTarPerm extractEntry tokens.d.ts
182 silly gunzTarPerm extractEntry database/database.js
183 silly gunzTarPerm extractEntry database/database.d.ts
184 silly gunzTarPerm extractEntry database/database.js.map
185 silly gunzTarPerm extractEntry tokens.js.map
186 silly gunzTarPerm extractEntry interfaces.d.ts
187 verbose write writing to /Users/khavu/Documents/ionic/ion2-bangbang/node_modules/angularfire2/package.json
188 info preinstall angularfire2@2.0.0-beta.2
189 verbose readDependencies loading dependencies from /Users/khavu/Documents/ionic/ion2-bangbang/node_modules/angularfire2/package.json
190 silly prepareForInstallMany adding @angular/core@2.0.0-rc.2 from angularfire2 peerDependencies
191 silly prepareForInstallMany adding @angular/platform-browser@2.0.0-rc.2 from angularfire2 peerDependencies
192 silly prepareForInstallMany adding @angular/common@2.0.0-rc.2 from angularfire2 peerDependencies
193 silly prepareForInstallMany adding @angular/compiler@2.0.0-rc.2 from angularfire2 peerDependencies
194 silly prepareForInstallMany adding @angular/platform-browser-dynamic@2.0.0-rc.2 from angularfire2 peerDependencies
195 warn peerDependencies The peer dependency @angular/core@2.0.0-rc.2 included from angularfire2 will no
196 warn peerDependencies longer be automatically installed to fulfill the peerDependency
197 warn peerDependencies in npm 3+. Your application will need to depend on it explicitly.
198 warn peerDependencies The peer dependency @angular/platform-browser@2.0.0-rc.2 included from angularfire2 will no
199 warn peerDependencies longer be automatically installed to fulfill the peerDependency
200 warn peerDependencies in npm 3+. Your application will need to depend on it explicitly.
201 warn peerDependencies The peer dependency @angular/common@2.0.0-rc.2 included from angularfire2 will no
202 warn peerDependencies longer be automatically installed to fulfill the peerDependency
203 warn peerDependencies in npm 3+. Your application will need to depend on it explicitly.
204 warn peerDependencies The peer dependency @angular/compiler@2.0.0-rc.2 included from angularfire2 will no
205 warn peerDependencies longer be automatically installed to fulfill the peerDependency
206 warn peerDependencies in npm 3+. Your application will need to depend on it explicitly.
207 warn peerDependencies The peer dependency @angular/platform-browser-dynamic@2.0.0-rc.2 included from angularfire2 will no
208 warn peerDependencies longer be automatically installed to fulfill the peerDependency
209 warn peerDependencies in npm 3+. Your application will need to depend on it explicitly.
210 verbose readDependencies loading dependencies from /Users/khavu/Documents/ionic/ion2-bangbang/node_modules/angularfire2/package.json
211 silly install resolved []
212 verbose about to build /Users/khavu/Documents/ionic/ion2-bangbang/node_modules/angularfire2
213 info build /Users/khavu/Documents/ionic/ion2-bangbang/node_modules/angularfire2
214 info linkStuff angularfire2@2.0.0-beta.2
215 silly linkStuff angularfire2@2.0.0-beta.2 has /Users/khavu/Documents/ionic/ion2-bangbang/node_modules as its parent node_modules
216 verbose linkBins angularfire2@2.0.0-beta.2
217 verbose linkMans angularfire2@2.0.0-beta.2
218 verbose rebuildBundles angularfire2@2.0.0-beta.2
219 info install angularfire2@2.0.0-beta.2
220 info postinstall angularfire2@2.0.0-beta.2
221 verbose readDependencies loading dependencies from /Users/khavu/Documents/ionic/ion2-bangbang/package.json
222 verbose targetResolver reading package data from /Users/khavu/Documents/ionic/ion2-bangbang/node_modules/angularfire2/package.json
223 verbose targetResolver reading package data from /Users/khavu/Documents/ionic/ion2-bangbang/node_modules/del/package.json
224 verbose targetResolver reading package data from /Users/khavu/Documents/ionic/ion2-bangbang/node_modules/es6-shim/package.json
225 verbose targetResolver reading package data from /Users/khavu/Documents/ionic/ion2-bangbang/node_modules/firebase/package.json
226 verbose targetResolver reading package data from /Users/khavu/Documents/ionic/ion2-bangbang/node_modules/gulp/package.json
227 verbose targetResolver reading package data from /Users/khavu/Documents/ionic/ion2-bangbang/node_modules/gulp-watch/package.json
228 verbose targetResolver reading package data from /Users/khavu/Documents/ionic/ion2-bangbang/node_modules/ionic-angular/package.json
229 verbose targetResolver reading package data from /Users/khavu/Documents/ionic/ion2-bangbang/node_modules/ionic-gulp-browserify-typescript/package.json
230 verbose targetResolver reading package data from /Users/khavu/Documents/ionic/ion2-bangbang/node_modules/ionic-gulp-fonts-copy/package.json
231 verbose targetResolver reading package data from /Users/khavu/Documents/ionic/ion2-bangbang/node_modules/ionic-gulp-html-copy/package.json
232 verbose targetResolver reading package data from /Users/khavu/Documents/ionic/ion2-bangbang/node_modules/ionic-gulp-sass-build/package.json
233 verbose targetResolver reading package data from /Users/khavu/Documents/ionic/ion2-bangbang/node_modules/ionic-gulp-scripts-copy/package.json
234 verbose targetResolver reading package data from /Users/khavu/Documents/ionic/ion2-bangbang/node_modules/ionic-native/package.json
235 verbose targetResolver reading package data from /Users/khavu/Documents/ionic/ion2-bangbang/node_modules/ionicons/package.json
236 verbose targetResolver reading package data from /Users/khavu/Documents/ionic/ion2-bangbang/node_modules/reflect-metadata/package.json
237 verbose targetResolver reading package data from /Users/khavu/Documents/ionic/ion2-bangbang/node_modules/run-sequence/package.json
238 verbose targetResolver reading package data from /Users/khavu/Documents/ionic/ion2-bangbang/node_modules/rxjs/package.json
239 verbose targetResolver reading package data from /Users/khavu/Documents/ionic/ion2-bangbang/node_modules/zone.js/package.json
240 verbose targetResolver reading package data from /Users/khavu/Documents/ionic/ion2-bangbang/node_modules/.bin/gulp/package.json
241 verbose targetResolver reading package data from /Users/khavu/Documents/ionic/ion2-bangbang/node_modules/@angular/common/package.json
242 verbose targetResolver reading package data from /Users/khavu/Documents/ionic/ion2-bangbang/node_modules/@angular/compiler/package.json
243 verbose targetResolver reading package data from /Users/khavu/Documents/ionic/ion2-bangbang/node_modules/@angular/core/package.json
244 verbose targetResolver reading package data from /Users/khavu/Documents/ionic/ion2-bangbang/node_modules/@angular/http/package.json
245 verbose targetResolver reading package data from /Users/khavu/Documents/ionic/ion2-bangbang/node_modules/@angular/platform-browser/package.json
246 verbose targetResolver reading package data from /Users/khavu/Documents/ionic/ion2-bangbang/node_modules/@angular/platform-browser-dynamic/package.json
247 verbose already installed skipping @angular/platform-browser@2.0.0-rc.2 /Users/khavu/Documents/ionic/ion2-bangbang
248 verbose already installed skipping @angular/common@2.0.0-rc.2 /Users/khavu/Documents/ionic/ion2-bangbang
249 verbose already installed skipping @angular/compiler@2.0.0-rc.2 /Users/khavu/Documents/ionic/ion2-bangbang
250 verbose already installed skipping @angular/platform-browser-dynamic@2.0.0-rc.2 /Users/khavu/Documents/ionic/ion2-bangbang
251 verbose already installed skipping @angular/core@2.0.0-rc.2 /Users/khavu/Documents/ionic/ion2-bangbang
252 silly install resolved []
253 verbose unlock done using /Users/khavu/.npm/_locks/angularfire2-735a9a0b55cd8406.lock for /Users/khavu/Documents/ionic/ion2-bangbang/node_modules/angularfire2
254 verbose validateInstall loading /Users/khavu/Documents/ionic/ion2-bangbang/package.json for validation
255 verbose stack Error: The package @angular/common@2.0.0-rc.3 does not satisfy its siblings' peerDependencies requirements!
255 verbose stack     at /usr/local/lib/node_modules/npm/lib/install.js:125:32
255 verbose stack     at /usr/local/lib/node_modules/npm/lib/install.js:268:7
255 verbose stack     at /usr/local/lib/node_modules/npm/node_modules/read-installed/read-installed.js:142:5
255 verbose stack     at /usr/local/lib/node_modules/npm/node_modules/read-installed/read-installed.js:263:14
255 verbose stack     at cb (/usr/local/lib/node_modules/npm/node_modules/slide/lib/async-map.js:47:24)
255 verbose stack     at /usr/local/lib/node_modules/npm/node_modules/read-installed/read-installed.js:263:14
255 verbose stack     at cb (/usr/local/lib/node_modules/npm/node_modules/slide/lib/async-map.js:47:24)
255 verbose stack     at /usr/local/lib/node_modules/npm/node_modules/read-installed/read-installed.js:263:14
255 verbose stack     at cb (/usr/local/lib/node_modules/npm/node_modules/slide/lib/async-map.js:47:24)
255 verbose stack     at /usr/local/lib/node_modules/npm/node_modules/read-installed/read-installed.js:263:14
256 verbose cwd /Users/khavu/Documents/ionic/ion2-bangbang
257 error Darwin 15.5.0
258 error argv "/usr/local/bin/node" "/usr/local/bin/npm" "install" "angularfire2"
259 error node v4.4.7
260 error npm  v2.15.8
261 error code EPEERINVALID
262 error peerinvalid The package @angular/common@2.0.0-rc.3 does not satisfy its siblings' peerDependencies requirements!
262 error peerinvalid Peer @angular/platform-browser@2.0.0-rc.3 wants @angular/common@2.0.0-rc.3
262 error peerinvalid Peer @angular/platform-browser-dynamic@2.0.0-rc.3 wants @angular/common@2.0.0-rc.3
262 error peerinvalid Peer ionic-angular@2.0.0-beta.10 wants @angular/common@^2.0.0-rc.3
262 error peerinvalid Peer angularfire2@2.0.0-beta.2 wants @angular/common@2.0.0-rc.2
263 verbose exit [ 1, true ]
